<?xml version="1.0" encoding="utf-8"?><testsuites><testsuite name="pytest" errors="0" failures="0" skipped="0" tests="147" time="33.468" timestamp="2023-09-14T19:01:19.786805" hostname="banks"><testcase classname="tests.test_ensemble" name="test_Ensemble" time="0.005" /><testcase classname="tests.test_ensemble" name="test_Ensemble_add_species" time="0.010" /><testcase classname="tests.test_ensemble" name="test_Ensemble__build_z_matrix" time="0.001" /><testcase classname="tests.test_ensemble" name="test_Ensemble__get_weights" time="0.001" /><testcase classname="tests.test_ensemble" name="test_Ensemble_get_species_dG" time="0.012" /><testcase classname="tests.test_ensemble" name="test_Ensemble_get_obs" time="0.025" /><testcase classname="tests.test_ensemble" name="test_Ensemble_read_ligand_dict" time="0.002" /><testcase classname="tests.test_ensemble" name="test_Ensemble_mut_dict_to_array" time="0.000" /><testcase classname="tests.test_ensemble" name="test_Ensemble_get_fx_obs_fast" time="0.000" /><testcase classname="tests.test_ensemble" name="test_Ensemble_get_dG_obs_fast" time="0.000" /><testcase classname="tests.test_ensemble" name="test_Ensemble_to_dict" time="0.000" /><testcase classname="tests.test_ensemble" name="test_Ensemble_get_observable_function" time="0.003" /><testcase classname="tests.test_ensemble" name="test_Ensemble_species" time="0.000" /><testcase classname="tests.test_ensemble" name="test_Ensemble_ligands" time="0.000" /><testcase classname="tests.test_ensemble" name="test_Ensemble_species_df" time="0.002" /><testcase classname="tests.test_epistasis" name="test_get_epistasis" time="0.000" /><testcase classname="tests.test_epistasis" name="test_get_ensemble_epistasis" time="0.000" /><testcase classname="tests.test_epistasis" name="test_get_all_pairs_epistasis" time="0.000" /><testcase classname="tests.test_epistasis" name="test_summarize_epistasis" time="0.000" /><testcase classname="tests._private.test_interface" name="test_WrappedFunctionException" time="0.000" /><testcase classname="tests._private.test_interface" name="test_run_cleanly" time="0.005" /><testcase classname="tests._private.test_interface" name="test_MockContextManager" time="0.000" /><testcase classname="tests._private.test_interface" name="test_MockContextManager___enter__" time="0.000" /><testcase classname="tests._private.test_interface" name="test_gen_seed" time="0.000" /><testcase classname="tests._private.test_interface" name="test_create_new_dir" time="0.001" /><testcase classname="tests._private.test_interface" name="test_copy_input_file" time="0.001" /><testcase classname="tests._private.test_interface" name="test__follow_log_subproc_wrapper" time="0.000" /><testcase classname="tests._private.test_interface" name="test__follow_log_generator" time="0.000" /><testcase classname="tests._private.test_interface" name="test_launch" time="0.479" /><testcase classname="tests._private.test_interface" name="test_rmtree" time="0.002" /><testcase classname="tests._private.test_logger" name="test_log" time="0.000" /><testcase classname="tests._private.test_utility" name="test_prep_for_json" time="0.008" /><testcase classname="tests._private.test_wrap" name="test_wrap_function" time="0.019" /><testcase classname="tests._private.test_wrap" name="test_IterFromFile" time="0.000" /><testcase classname="tests._private.test_wrap" name="test_IterFromFile___call__" time="0.000" /><testcase classname="tests._private.check.test_check_ensemble" name="test_check_ensemble" time="0.002" /><testcase classname="tests._private.check.test_compare_dict" name="test_compare_dict" time="0.006" /><testcase classname="tests._private.check.test_dataframe" name="test_check_dataframe" time="0.014" /><testcase classname="tests._private.check.test_standard" name="test_check_bool" time="0.001" /><testcase classname="tests._private.check.test_standard" name="test_check_float" time="0.001" /><testcase classname="tests._private.check.test_standard" name="test_check_int" time="0.001" /><testcase classname="tests._private.check.test_standard" name="test_check_iter" time="0.006" /><testcase classname="tests._private.check.eee.test_ligand_dict" name="test_check_ligand_dict" time="0.008" /><testcase classname="tests._private.check.eee.test_mut_energy" name="test_check_mut_energy" time="0.005" /><testcase classname="tests._private.check.eee.test_pop_gen" name="test_check_mutation_rate" time="0.004" /><testcase classname="tests._private.check.eee.test_pop_gen" name="test_check_population_size" time="0.004" /><testcase classname="tests._private.check.eee.test_pop_gen" name="test_check_num_generations" time="0.003" /><testcase classname="tests._private.check.eee.test_pop_gen" name="test_check_burn_in_generations" time="0.003" /><testcase classname="tests._private.check.eee.test_pop_gen" name="test_check_num_mutations" time="0.003" /><testcase classname="tests._private.check.eee.test_temperature" name="test_check_temperature" time="0.003" /><testcase classname="tests._private.check.eee.test_wf_population" name="test_check_wf_population" time="0.004" /><testcase classname="tests.io.test_io_tree" name="test_read_tree" time="0.008" /><testcase classname="tests.io.test_io_tree" name="test_write_tree" time="0.009" /><testcase classname="tests.io.test_read_conditions" name="test_read_conditions" time="0.045" /><testcase classname="tests.io.test_read_dataframe" name="test_read_dataframe" time="0.129" /><testcase classname="tests.io.test_read_ddg" name="test_read_ddg" time="0.003" /><testcase classname="tests.io.test_read_ensemble" name="test__search_for_key" time="0.000" /><testcase classname="tests.io.test_read_ensemble" name="test__spreadsheet_to_ensemble" time="0.014" /><testcase classname="tests.io.test_read_ensemble" name="test__json_to_ensemble" time="0.007" /><testcase classname="tests.io.test_read_ensemble" name="test__file_to_ensemble" time="0.005" /><testcase classname="tests.io.test_read_ensemble" name="test_read_ensemble" time="0.024" /><testcase classname="tests.io.test_read_json" name="test__validate_calc_kwargs" time="0.001" /><testcase classname="tests.io.test_read_json" name="test_read_json" time="8.267" /><testcase classname="tests.io.test_read_structure" name="test__read_structure_cif" time="0.218" /><testcase classname="tests.io.test_read_structure" name="test__read_structure_pdb" time="0.240" /><testcase classname="tests.io.test_read_structure" name="test_read_structure" time="1.266" /><testcase classname="tests.io.test_write_pdb" name="test_write_pdb" time="0.389" /><testcase classname="tests.simulation.test_simulation___init__" name="test__get_calc_available" time="0.000" /><testcase classname="tests.simulation.analysis.test_analysis" name="test_get_num_accumulated_mutations" time="0.000" /><testcase classname="tests.simulation.analysis.test_analysis" name="test_get_genotype_frequencies" time="0.000" /><testcase classname="tests.simulation.analysis.test_analysis" name="test_get_most_common" time="0.000" /><testcase classname="tests.simulation.analysis.test_analysis" name="test_extract_alignment" time="0.000" /><testcase classname="tests.simulation.analysis.test_cluster_ddg" name="test__clean_up_axes" time="0.001" /><testcase classname="tests.simulation.analysis.test_cluster_ddg" name="test_cluster_ddg" time="2.227" /><testcase classname="tests.simulation.analysis.test_ensemble_fitness" name="test_ensemble_fitness" time="0.023" /><testcase classname="tests.simulation.analysis.test_epistasis_and_accessibility" name="test__get_rings" time="0.021" /><testcase classname="tests.simulation.analysis.test_epistasis_and_accessibility" name="test_epistasis_and_accessibility" time="0.381" /><testcase classname="tests.simulation.analysis.test_num_genotypes" name="test_get_num_genotypes" time="0.008" /><testcase classname="tests.simulation.calcs.test_accessible_paths" name="test_AcessiblePaths" time="0.005" /><testcase classname="tests.simulation.calcs.test_accessible_paths" name="test_AcessiblePaths_run" time="0.021" /><testcase classname="tests.simulation.calcs.test_dms" name="test_DeepMutationalScan" time="0.005" /><testcase classname="tests.simulation.calcs.test_dms" name="test_DeepMutationalScan_run" time="0.022" /><testcase classname="tests.simulation.calcs.test_simulation_base" name="test_Simulation" time="0.101" /><testcase classname="tests.simulation.calcs.test_simulation_base" name="test_Simulation__prepare_calc" time="0.006" /><testcase classname="tests.simulation.calcs.test_simulation_base" name="test_Simulation__write_calc_params" time="0.013" /><testcase classname="tests.simulation.calcs.test_simulation_base" name="test_Simulation__complete_calc" time="0.000" /><testcase classname="tests.simulation.calcs.test_simulation_base" name="test_Simulation_system_params" time="0.003" /><testcase classname="tests.simulation.calcs.test_simulation_base" name="test_Simulation_get_calc_description" time="0.017" /><testcase classname="tests.simulation.calcs.test_simulation_base" name="test_Simulation_fitness_from_energy" time="0.004" /><testcase classname="tests.simulation.calcs.test_simulation_base" name="test_Simulation_ens" time="0.004" /><testcase classname="tests.simulation.calcs.test_simulation_base" name="test_Simulation_fc" time="0.003" /><testcase classname="tests.simulation.calcs.test_simulation_base" name="test_Simulation_gc" time="0.004" /><testcase classname="tests.simulation.calcs.test_wf_sim" name="test_WrightFisherSimulation" time="0.005" /><testcase classname="tests.simulation.calcs.test_wf_sim" name="test_WrightFisherSimulation_run" time="0.033" /><testcase classname="tests.simulation.calcs.test_wf_tree_sim" name="test_WrightFisherTreeSimulation" time="0.005" /><testcase classname="tests.simulation.calcs.test_wf_tree_sim" name="test_WrightFisherTreeSimulation_run" time="0.088" /><testcase classname="tests.simulation.core.engine.test_exhaustive" name="test_exhaustive" time="0.051" /><testcase classname="tests.simulation.core.engine.test_follow_tree" name="test__simulate_branch" time="0.011" /><testcase classname="tests.simulation.core.engine.test_follow_tree" name="test_follow_tree" time="0.585" /><testcase classname="tests.simulation.core.engine.test_pathfinder" name="test__traverse" time="0.001" /><testcase classname="tests.simulation.core.engine.test_pathfinder" name="test_pathfinder" time="0.031" /><testcase classname="tests.simulation.core.engine.test_wright_fisher" name="test__write_outputs" time="3.312" /><testcase classname="tests.simulation.core.engine.test_wright_fisher" name="test_wright_fisher" time="2.799" /><testcase classname="tests.simulation.core.fitness.test_ff" name="test_ff_on" time="0.000" /><testcase classname="tests.simulation.core.fitness.test_ff" name="test_ff_off" time="0.000" /><testcase classname="tests.simulation.core.fitness.test_ff" name="test_ff_neutral" time="0.000" /><testcase classname="tests.simulation.core.fitness.test_ff" name="test_ff_on_above" time="0.000" /><testcase classname="tests.simulation.core.fitness.test_ff" name="test_ff_on_below" time="0.000" /><testcase classname="tests.simulation.core.fitness.test_fitness" name="test_Fitness" time="0.002" /><testcase classname="tests.simulation.core.fitness.test_fitness" name="test_Fitness_fitness" time="0.004" /><testcase classname="tests.simulation.core.fitness.test_fitness" name="test_Fitness_to_dict" time="0.002" /><testcase classname="tests.simulation.core.fitness.test_fitness" name="test_Fitness_ens" time="0.002" /><testcase classname="tests.simulation.core.fitness.test_fitness" name="test_Fitness_ligand_dict" time="0.002" /><testcase classname="tests.simulation.core.fitness.test_fitness" name="test_Fitness_select_on" time="0.003" /><testcase classname="tests.simulation.core.fitness.test_fitness" name="test_Fitness_select_on_folded" time="0.003" /><testcase classname="tests.simulation.core.fitness.test_fitness" name="test_Fitness_fitness_kwargs" time="0.003" /><testcase classname="tests.simulation.core.fitness.test_fitness" name="test_Fitness_temperature" time="0.004" /><testcase classname="tests.simulation.core.fitness.test_fitness" name="test_Fitness_condition_df" time="0.002" /><testcase classname="tests.simulation.core.fitness.test_map_fitness_fcn" name="test__get_ff_available" time="0.000" /><testcase classname="tests.simulation.core.fitness.test_map_fitness_fcn" name="test_map_fitness_fcn" time="0.008" /><testcase classname="tests.simulation.core.genotype.test_genotype" name="test_Genotype" time="0.005" /><testcase classname="tests.simulation.core.genotype.test_genotype" name="test_Genotype__create_ddg_dict" time="0.002" /><testcase classname="tests.simulation.core.genotype.test_genotype" name="test_Genotype__add_genotype" time="0.002" /><testcase classname="tests.simulation.core.genotype.test_genotype" name="test_Genotype_mutate" time="0.008" /><testcase classname="tests.simulation.core.genotype.test_genotype" name="test_Genotype_conditional_mutate" time="0.005" /><testcase classname="tests.simulation.core.genotype.test_genotype" name="test_Genotype_dump_to_csv" time="0.018" /><testcase classname="tests.simulation.core.genotype.test_genotype" name="test_Genotype_to_dict" time="0.001" /><testcase classname="tests.simulation.core.genotype.test_genotype" name="test_Genotype_df" time="0.003" /><testcase classname="tests.simulation.core.genotype.test_genotype" name="test_Genotype_wt_sequence" time="0.003" /><testcase classname="tests.simulation.core.genotype.test_genotype" name="test_Genotype_genotypes" time="0.001" /><testcase classname="tests.simulation.core.genotype.test_genotype" name="test_Genotype_trajectories" time="0.001" /><testcase classname="tests.simulation.core.genotype.test_genotype" name="test_Genotype_mut_energies" time="0.001" /><testcase classname="tests.simulation.core.genotype.test_genotype" name="test_Genotype_fitnesses" time="0.001" /><testcase classname="tests.simulation.core.genotype.test_genotype" name="test_Genotype_ddg_dict" time="0.002" /><testcase classname="tests.simulation.core.genotype.test_single_genotype" name="test_SingleGenotype" time="0.002" /><testcase classname="tests.simulation.core.genotype.test_single_genotype" name="test_SingleGenotype_copy" time="0.000" /><testcase classname="tests.simulation.core.genotype.test_single_genotype" name="test_SingleGenotype_mutate" time="0.000" /><testcase classname="tests.simulation.core.genotype.test_single_genotype" name="test_SingleGenotype_mut_energy" time="0.000" /><testcase classname="tests.simulation.core.genotype.test_single_genotype" name="test_SingleGenotype_mutations" time="0.000" /><testcase classname="tests.simulation.core.genotype.test_single_genotype" name="test_SingleGenotype_mutations_accumulated" time="0.000" /><testcase classname="tests.simulation.core.genotype.test_single_genotype" name="test_SingleGenotype_sites" time="0.000" /><testcase classname="tests.structure.test_align_structure_seqs" name="test__run_muscle" time="0.000" /><testcase classname="tests.structure.test_align_structure_seqs" name="test_align_structure_seqs" time="5.678" /><testcase classname="tests.structure.test_align_structures" name="test_align_structures" time="0.000" /><testcase classname="tests.structure.test_clean_structure" name="test_clean_structure" time="0.000" /><testcase classname="tests.structure.test_sync_structures" name="test__create_unique_filenames" time="0.000" /><testcase classname="tests.structure.test_sync_structures" name="test_sync_structures" time="4.641" /></testsuite></testsuites>