<?xml version="1.0" encoding="utf-8"?><testsuites><testsuite name="pytest" errors="0" failures="0" skipped="0" tests="52" time="12.567" timestamp="2023-08-10T22:10:07.121171" hostname="banks"><testcase classname="tests.test_ensemble" name="test_Ensemble" time="0.000" /><testcase classname="tests.test_ensemble" name="test_Ensemble_add_species" time="0.008" /><testcase classname="tests.test_ensemble" name="test_Ensemble_get_species_dG" time="0.011" /><testcase classname="tests.test_ensemble" name="test_Ensemble_get_obs" time="0.023" /><testcase classname="tests.test_ensemble" name="test_Ensemble_do_arg_checking" time="0.000" /><testcase classname="tests.test_epistasis" name="test_get_epistasis" time="0.000" /><testcase classname="tests.test_epistasis" name="test_get_ensemble_epistasis" time="0.000" /><testcase classname="tests.test_epistasis" name="test_get_all_pairs_epistasis" time="0.000" /><testcase classname="tests.test_epistasis" name="test_summarize_epistasis" time="0.000" /><testcase classname="tests._private.test_array_expander" name="testarray_expander" time="0.000" /><testcase classname="tests._private.check.test_check_ensemble" name="test_check_ensemble" time="0.002" /><testcase classname="tests._private.check.test_eee_variables" name="test_check_mu_stoich" time="0.002" /><testcase classname="tests._private.check.test_eee_variables" name="test_check_mu_dict" time="0.003" /><testcase classname="tests._private.check.test_eee_variables" name="test_check_mut_energy" time="0.005" /><testcase classname="tests._private.check.test_eee_variables" name="test_check_ddg_df" time="0.001" /><testcase classname="tests._private.check.test_eee_variables" name="test_check_fitness_fcns" time="0.002" /><testcase classname="tests._private.check.test_eee_variables" name="test_check_calc_params" time="0.013" /><testcase classname="tests._private.check.test_standard" name="test_check_bool" time="0.000" /><testcase classname="tests._private.check.test_standard" name="test_check_float" time="0.000" /><testcase classname="tests._private.check.test_standard" name="test_check_int" time="0.001" /><testcase classname="tests._private.check.test_standard" name="test_check_iter" time="0.006" /><testcase classname="tests.evolve.test__helper" name="test__get_num_accumulated_mutations" time="0.000" /><testcase classname="tests.evolve.test__helper" name="test_MockTqdm" time="0.000" /><testcase classname="tests.evolve.test_analysis" name="test_get_genotype_frequencies" time="0.000" /><testcase classname="tests.evolve.test_analysis" name="test_get_most_common" time="0.000" /><testcase classname="tests.evolve.test_analysis" name="test_extract_alignment" time="0.000" /><testcase classname="tests.evolve.test_fitness" name="test_ff_on" time="0.000" /><testcase classname="tests.evolve.test_fitness" name="test_ff_off" time="0.000" /><testcase classname="tests.evolve.test_fitness" name="test__fitness_function" time="0.001" /><testcase classname="tests.evolve.test_fitness" name="test_fitness_function" time="0.001" /><testcase classname="tests.evolve.test_fitness" name="test_FitnessContainer" time="0.000" /><testcase classname="tests.evolve.test_fitness" name="test_FitnessContainer_fitness" time="0.005" /><testcase classname="tests.evolve.test_genotype" name="test__create_ddg_dict" time="0.000" /><testcase classname="tests.evolve.test_genotype" name="test_Genotype" time="0.000" /><testcase classname="tests.evolve.test_genotype" name="test_Genotype_copy" time="0.000" /><testcase classname="tests.evolve.test_genotype" name="test_Genotype_mutate" time="0.000" /><testcase classname="tests.evolve.test_genotype" name="test_GenotypeContainer" time="0.000" /><testcase classname="tests.evolve.test_genotype" name="test_GenotypeContainer_mutate" time="0.000" /><testcase classname="tests.evolve.test_simulate_evolution" name="test_simulate_evolution" time="0.000" /><testcase classname="tests.evolve.test_simulate_tree" name="test_simulate_tree" time="0.000" /><testcase classname="tests.evolve.test_wright_fisher" name="test_wright_fisher" time="0.000" /><testcase classname="tests.util.test__load_ddg" name="test_load_ddg" time="0.006" /><testcase classname="tests.util.test__load_structure" name="test__load_structure_cif" time="0.210" /><testcase classname="tests.util.test__load_structure" name="test__load_structure_pdb" time="0.225" /><testcase classname="tests.util.test__load_structure" name="test_load_structure" time="1.222" /><testcase classname="tests.util.test__sync_structures" name="test__clean_structures" time="0.000" /><testcase classname="tests.util.test__sync_structures" name="test__run_muscle" time="0.000" /><testcase classname="tests.util.test__sync_structures" name="test__align_seq" time="5.333" /><testcase classname="tests.util.test__sync_structures" name="test__align_structures" time="0.001" /><testcase classname="tests.util.test__sync_structures" name="test__create_unique_filenames" time="0.000" /><testcase classname="tests.util.test__sync_structures" name="test_sync_structures" time="4.672" /><testcase classname="tests.util.test__write_pdb" name="test_write_pdb" time="0.380" /></testsuite></testsuites>