<?xml version="1.0" encoding="utf-8"?><testsuites><testsuite name="pytest" errors="0" failures="0" skipped="0" tests="116" time="26.480" timestamp="2023-08-23T16:32:53.713716" hostname="banks"><testcase classname="tests.test_ensemble" name="test_Ensemble" time="0.005" /><testcase classname="tests.test_ensemble" name="test_Ensemble_add_species" time="0.009" /><testcase classname="tests.test_ensemble" name="test_Ensemble__build_z_matrix" time="0.001" /><testcase classname="tests.test_ensemble" name="test_Ensemble__get_weights" time="0.001" /><testcase classname="tests.test_ensemble" name="test_Ensemble_get_species_dG" time="0.014" /><testcase classname="tests.test_ensemble" name="test_Ensemble_get_obs" time="0.026" /><testcase classname="tests.test_ensemble" name="test_Ensemble_load_mu_dict" time="0.002" /><testcase classname="tests.test_ensemble" name="test_Ensemble_mut_dict_to_array" time="0.000" /><testcase classname="tests.test_ensemble" name="test_Ensemble_get_fx_obs_fast" time="0.000" /><testcase classname="tests.test_ensemble" name="test_Ensemble_get_dG_obs_fast" time="0.000" /><testcase classname="tests.test_ensemble" name="test_Ensemble_to_dict" time="0.000" /><testcase classname="tests.test_ensemble" name="test_Ensemble_get_observable_function" time="0.004" /><testcase classname="tests.test_ensemble" name="test_Ensemble_species" time="0.000" /><testcase classname="tests.test_ensemble" name="test_Ensemble_mu_list" time="0.000" /><testcase classname="tests.test_ensemble" name="test_Ensemble_species_df" time="0.003" /><testcase classname="tests.test_epistasis" name="test_get_epistasis" time="0.000" /><testcase classname="tests.test_epistasis" name="test_get_ensemble_epistasis" time="0.000" /><testcase classname="tests.test_epistasis" name="test_get_all_pairs_epistasis" time="0.000" /><testcase classname="tests.test_epistasis" name="test_summarize_epistasis" time="0.000" /><testcase classname="tests._private.test_interface" name="test_run_cleanly" time="0.004" /><testcase classname="tests._private.test_interface" name="test_MockTqdm" time="0.000" /><testcase classname="tests._private.test_interface" name="test_MockTqdm___enter__" time="0.000" /><testcase classname="tests._private.test_interface" name="test_gen_seed" time="0.000" /><testcase classname="tests._private.test_interface" name="test_create_new_dir" time="0.001" /><testcase classname="tests._private.test_interface" name="test_copy_input_file" time="0.001" /><testcase classname="tests._private.test_interface" name="test__follow_log_subproc_wrapper" time="0.000" /><testcase classname="tests._private.test_interface" name="test__follow_log_generator" time="0.000" /><testcase classname="tests._private.test_interface" name="test_launch" time="0.491" /><testcase classname="tests._private.test_interface" name="test_rmtree" time="0.002" /><testcase classname="tests._private.test_logger" name="test_log" time="0.000" /><testcase classname="tests._private.test_wrap" name="test_wrap_function" time="0.018" /><testcase classname="tests._private.test_wrap" name="test_IterFromFile" time="0.000" /><testcase classname="tests._private.test_wrap" name="test_IterFromFile___call__" time="0.000" /><testcase classname="tests._private.check.test_check_ensemble" name="test_check_ensemble" time="0.002" /><testcase classname="tests._private.check.test_standard" name="test_check_bool" time="0.001" /><testcase classname="tests._private.check.test_standard" name="test_check_float" time="0.001" /><testcase classname="tests._private.check.test_standard" name="test_check_int" time="0.001" /><testcase classname="tests._private.check.test_standard" name="test_check_iter" time="0.006" /><testcase classname="tests._private.check.eee.test_T" name="test_check_T" time="0.003" /><testcase classname="tests._private.check.eee.test_ddg_df" name="test_check_ddg_df" time="0.001" /><testcase classname="tests._private.check.eee.test_mu_dict" name="test_check_mu_dict" time="0.004" /><testcase classname="tests._private.check.eee.test_mu_stoich" name="test_check_mu_stoich" time="0.003" /><testcase classname="tests._private.check.eee.test_mut_energy" name="test_check_mut_energy" time="0.006" /><testcase classname="tests._private.check.eee.test_pop_gen" name="test_check_mutation_rate" time="0.004" /><testcase classname="tests._private.check.eee.test_pop_gen" name="test_check_population_size" time="0.003" /><testcase classname="tests._private.check.eee.test_pop_gen" name="test_check_num_generations" time="0.004" /><testcase classname="tests._private.check.eee.test_pop_gen" name="test_check_burn_in_generations" time="0.003" /><testcase classname="tests._private.check.eee.test_pop_gen" name="test_check_num_mutations" time="0.003" /><testcase classname="tests.io.test_load_ddg" name="test_load_ddg" time="0.007" /><testcase classname="tests.io.test_load_structure" name="test__load_structure_cif" time="0.218" /><testcase classname="tests.io.test_load_structure" name="test__load_structure_pdb" time="0.240" /><testcase classname="tests.io.test_load_structure" name="test_load_structure" time="1.241" /><testcase classname="tests.io.test_read_dataframe" name="test_read_dataframe" time="0.339" /><testcase classname="tests.io.test_write_pdb" name="test_write_pdb" time="0.382" /><testcase classname="tests.simulation.test_simulation___init__" name="test__get_calc_available" time="0.000" /><testcase classname="tests.simulation.analysis.test_analysis" name="test_get_num_accumulated_mutations" time="0.000" /><testcase classname="tests.simulation.analysis.test_analysis" name="test_get_genotype_frequencies" time="0.000" /><testcase classname="tests.simulation.analysis.test_analysis" name="test_get_most_common" time="0.000" /><testcase classname="tests.simulation.analysis.test_analysis" name="test_extract_alignment" time="0.000" /><testcase classname="tests.simulation.analysis.test_ensemble_fitness" name="test_ensemble_fitness" time="0.007" /><testcase classname="tests.simulation.calcs.test_dms" name="test_DeepMutationalScan" time="0.002" /><testcase classname="tests.simulation.calcs.test_dms" name="test_DeepMutationalScan_run" time="0.016" /><testcase classname="tests.simulation.calcs.test_wf_sim" name="test_WrightFisherSimulation" time="0.003" /><testcase classname="tests.simulation.calcs.test_wf_sim" name="test_WrightFisherSimulation_run" time="0.020" /><testcase classname="tests.simulation.core.engine.test_exhaustive" name="test_exhaustive" time="0.043" /><testcase classname="tests.simulation.core.engine.test_wright_fisher" name="test__write_outputs" time="3.216" /><testcase classname="tests.simulation.core.engine.test_wright_fisher" name="test_wright_fisher" time="2.618" /><testcase classname="tests.simulation.core.fitness.test_check_fitness_fcns" name="test__get_ff_available" time="0.000" /><testcase classname="tests.simulation.core.fitness.test_check_fitness_fcns" name="test__map_fitness_fcn_to_string" time="0.008" /><testcase classname="tests.simulation.core.fitness.test_check_fitness_fcns" name="test_check_fitness_fcns" time="0.002" /><testcase classname="tests.simulation.core.fitness.test_check_fitness_kwargs" name="test_check_fitness_kwargs" time="0.003" /><testcase classname="tests.simulation.core.fitness.test_ff" name="test_ff_on" time="0.000" /><testcase classname="tests.simulation.core.fitness.test_ff" name="test_ff_off" time="0.000" /><testcase classname="tests.simulation.core.fitness.test_ff" name="test_ff_neutral" time="0.000" /><testcase classname="tests.simulation.core.fitness.test_fitness" name="test_Fitness" time="0.017" /><testcase classname="tests.simulation.core.fitness.test_fitness" name="test_Fitness_fitness" time="0.001" /><testcase classname="tests.simulation.core.fitness.test_fitness" name="test_Fitness_to_dict" time="0.000" /><testcase classname="tests.simulation.core.fitness.test_fitness" name="test_Fitness_ens" time="0.000" /><testcase classname="tests.simulation.core.fitness.test_fitness" name="test_Fitness_mu_dict" time="0.000" /><testcase classname="tests.simulation.core.fitness.test_fitness" name="test_Fitness_select_on" time="0.000" /><testcase classname="tests.simulation.core.fitness.test_fitness" name="test_Fitness_select_on_folded" time="0.000" /><testcase classname="tests.simulation.core.fitness.test_fitness" name="test_Fitness_fitness_kwargs" time="0.000" /><testcase classname="tests.simulation.core.fitness.test_fitness" name="test_Fitness_T" time="0.000" /><testcase classname="tests.simulation.core.fitness.test_fitness" name="test_Fitness_condition_df" time="0.001" /><testcase classname="tests.simulation.core.genotype.test_genotype" name="test_Genotype" time="0.004" /><testcase classname="tests.simulation.core.genotype.test_genotype" name="test_Genotype__create_ddg_dict" time="0.002" /><testcase classname="tests.simulation.core.genotype.test_genotype" name="test_Genotype_mutate" time="0.007" /><testcase classname="tests.simulation.core.genotype.test_genotype" name="test_Genotype_dump_to_csv" time="0.017" /><testcase classname="tests.simulation.core.genotype.test_genotype" name="test_Genotype_to_dict" time="0.002" /><testcase classname="tests.simulation.core.genotype.test_genotype" name="test_Genotype_df" time="0.003" /><testcase classname="tests.simulation.core.genotype.test_genotype" name="test_Genotype_wt_sequence" time="0.003" /><testcase classname="tests.simulation.core.genotype.test_genotype" name="test_Genotype_genotypes" time="0.001" /><testcase classname="tests.simulation.core.genotype.test_genotype" name="test_Genotype_trajectories" time="0.001" /><testcase classname="tests.simulation.core.genotype.test_genotype" name="test_Genotype_mut_energies" time="0.001" /><testcase classname="tests.simulation.core.genotype.test_genotype" name="test_Genotype_fitnesses" time="0.002" /><testcase classname="tests.simulation.core.genotype.test_single_genotype" name="test_SingleGenotype" time="0.001" /><testcase classname="tests.simulation.core.genotype.test_single_genotype" name="test_SingleGenotype_copy" time="0.000" /><testcase classname="tests.simulation.core.genotype.test_single_genotype" name="test_SingleGenotype_mutate" time="0.000" /><testcase classname="tests.simulation.core.genotype.test_single_genotype" name="test_SingleGenotype_mut_energy" time="0.000" /><testcase classname="tests.simulation.core.genotype.test_single_genotype" name="test_SingleGenotype_mutations" time="0.000" /><testcase classname="tests.simulation.core.genotype.test_single_genotype" name="test_SingleGenotype_mutations_accumulated" time="0.000" /><testcase classname="tests.simulation.core.genotype.test_single_genotype" name="test_SingleGenotype_sites" time="0.000" /><testcase classname="tests.simulation.core.simulation.test_simulation" name="test_Simulation" time="0.117" /><testcase classname="tests.simulation.core.simulation.test_simulation" name="test_Simulation__prepare_calc" time="0.004" /><testcase classname="tests.simulation.core.simulation.test_simulation" name="test_Simulation__write_calc_params" time="0.005" /><testcase classname="tests.simulation.core.simulation.test_simulation" name="test_Simulation__complete_calc" time="0.000" /><testcase classname="tests.simulation.core.simulation.test_simulation" name="test_Simulation_system_params" time="0.002" /><testcase classname="tests.simulation.core.simulation.test_simulation" name="test_Simulation_get_calc_description" time="0.014" /><testcase classname="tests.simulation.io.test_load_json" name="test__validate_calc_kwargs" time="0.001" /><testcase classname="tests.simulation.io.test_load_json" name="test_load_json" time="5.573" /><testcase classname="tests.structure.test_align_structure_seqs" name="test__run_muscle" time="0.000" /><testcase classname="tests.structure.test_align_structure_seqs" name="test_align_structure_seqs" time="5.643" /><testcase classname="tests.structure.test_align_structures" name="test_align_structures" time="0.000" /><testcase classname="tests.structure.test_clean_structure" name="test_clean_structure" time="0.000" /><testcase classname="tests.structure.test_sync_structures" name="test__create_unique_filenames" time="0.000" /><testcase classname="tests.structure.test_sync_structures" name="test_sync_structures" time="4.584" /></testsuite></testsuites>