<?xml version="1.0" encoding="utf-8"?><testsuites><testsuite name="pytest" errors="0" failures="0" skipped="0" tests="107" time="27.344" timestamp="2023-08-21T11:49:48.581468" hostname="banks"><testcase classname="tests.test_ensemble" name="test_Ensemble" time="0.005" /><testcase classname="tests.test_ensemble" name="test_Ensemble_add_species" time="0.009" /><testcase classname="tests.test_ensemble" name="test_Ensemble__build_z_matrix" time="0.001" /><testcase classname="tests.test_ensemble" name="test_Ensemble__get_weights" time="0.001" /><testcase classname="tests.test_ensemble" name="test_Ensemble_get_species_dG" time="0.015" /><testcase classname="tests.test_ensemble" name="test_Ensemble_get_obs" time="0.029" /><testcase classname="tests.test_ensemble" name="test_load_mu_dict" time="0.002" /><testcase classname="tests.test_ensemble" name="test_mut_dict_to_array" time="0.000" /><testcase classname="tests.test_ensemble" name="test_get_fx_obs_fast" time="0.000" /><testcase classname="tests.test_ensemble" name="test_get_dG_obs_fast" time="0.000" /><testcase classname="tests.test_ensemble" name="test_Ensemble_to_dict" time="0.000" /><testcase classname="tests.test_ensemble" name="test_Ensemble_get_observable_function" time="0.003" /><testcase classname="tests.test_ensemble" name="test_Ensemble_species" time="0.000" /><testcase classname="tests.test_ensemble" name="test_Ensemble_mu_list" time="0.001" /><testcase classname="tests.test_epistasis" name="test_get_epistasis" time="0.000" /><testcase classname="tests.test_epistasis" name="test_get_ensemble_epistasis" time="0.000" /><testcase classname="tests.test_epistasis" name="test_get_all_pairs_epistasis" time="0.000" /><testcase classname="tests.test_epistasis" name="test_summarize_epistasis" time="0.000" /><testcase classname="tests._private.test_interface" name="test_run_cleanly" time="0.005" /><testcase classname="tests._private.test_interface" name="test_MockTqdm" time="0.000" /><testcase classname="tests._private.test_interface" name="test_MockTqdm___enter__" time="0.000" /><testcase classname="tests._private.test_interface" name="test_gen_seed" time="0.000" /><testcase classname="tests._private.test_interface" name="test_create_new_dir" time="0.001" /><testcase classname="tests._private.test_interface" name="test_copy_input_file" time="0.002" /><testcase classname="tests._private.test_interface" name="test__follow_log_subproc_wrapper" time="0.000" /><testcase classname="tests._private.test_interface" name="test__follow_log_generator" time="0.000" /><testcase classname="tests._private.test_interface" name="test_launch" time="0.463" /><testcase classname="tests._private.test_interface" name="test_rmtree" time="0.005" /><testcase classname="tests._private.test_wrap" name="test_wrap_function" time="0.020" /><testcase classname="tests._private.test_wrap" name="test_IterFromFile" time="0.000" /><testcase classname="tests._private.test_wrap" name="test_IterFromFile___call__" time="0.000" /><testcase classname="tests._private.check.test_check_ensemble" name="test_check_ensemble" time="0.003" /><testcase classname="tests._private.check.test_eee_variables" name="test_check_mu_stoich" time="0.004" /><testcase classname="tests._private.check.test_eee_variables" name="test_check_mu_dict" time="0.005" /><testcase classname="tests._private.check.test_eee_variables" name="test_check_mut_energy" time="0.004" /><testcase classname="tests._private.check.test_eee_variables" name="test_check_ddg_df" time="0.001" /><testcase classname="tests._private.check.test_eee_variables" name="test_check_fitness_fcns" time="0.003" /><testcase classname="tests._private.check.test_eee_variables" name="test_check_fitness_kwargs" time="0.003" /><testcase classname="tests._private.check.test_eee_variables" name="test_check_T" time="0.003" /><testcase classname="tests._private.check.test_eee_variables" name="test_check_mutation_rate" time="0.003" /><testcase classname="tests._private.check.test_eee_variables" name="test_check_population_size" time="0.003" /><testcase classname="tests._private.check.test_eee_variables" name="test_check_num_generations" time="0.004" /><testcase classname="tests._private.check.test_eee_variables" name="test_check_burn_in_generations" time="0.003" /><testcase classname="tests._private.check.test_eee_variables" name="test_check_num_mutations" time="0.004" /><testcase classname="tests._private.check.test_standard" name="test_check_bool" time="0.001" /><testcase classname="tests._private.check.test_standard" name="test_check_float" time="0.001" /><testcase classname="tests._private.check.test_standard" name="test_check_int" time="0.001" /><testcase classname="tests._private.check.test_standard" name="test_check_iter" time="0.006" /><testcase classname="tests.evolve.test_analysis" name="test_get_num_accumulated_mutations" time="0.000" /><testcase classname="tests.evolve.test_analysis" name="test_get_genotype_frequencies" time="0.000" /><testcase classname="tests.evolve.test_analysis" name="test_get_most_common" time="0.000" /><testcase classname="tests.evolve.test_analysis" name="test_extract_alignment" time="0.000" /><testcase classname="tests.evolve.test_genotype" name="test_Genotype" time="0.001" /><testcase classname="tests.evolve.test_genotype" name="test_Genotype_copy" time="0.000" /><testcase classname="tests.evolve.test_genotype" name="test_Genotype_mutate" time="0.000" /><testcase classname="tests.evolve.test_genotype" name="test_Genotype_mut_energy" time="0.000" /><testcase classname="tests.evolve.test_genotype" name="test_Genotype_mutations" time="0.000" /><testcase classname="tests.evolve.test_genotype" name="test_Genotype_mutations_accumulated" time="0.000" /><testcase classname="tests.evolve.test_genotype" name="test_Genotype_sites" time="0.000" /><testcase classname="tests.evolve.test_genotype" name="test_GenotypeContainer" time="0.005" /><testcase classname="tests.evolve.test_genotype" name="test_GenotypeContainer__create_ddg_dict" time="0.003" /><testcase classname="tests.evolve.test_genotype" name="test_GenotypeContainer_mutate" time="0.003" /><testcase classname="tests.evolve.test_genotype" name="test_GenotypeContainer_dump_to_csv" time="0.027" /><testcase classname="tests.evolve.test_genotype" name="test_to_dict" time="0.002" /><testcase classname="tests.evolve.test_genotype" name="test_GenotypeContainer_df" time="0.004" /><testcase classname="tests.evolve.test_genotype" name="test_GenotypeContainer_wt_sequence" time="0.003" /><testcase classname="tests.evolve.test_genotype" name="test_GenotypeContainer_genotypes" time="0.002" /><testcase classname="tests.evolve.test_genotype" name="test_GenotypeContainer_trajectories" time="0.002" /><testcase classname="tests.evolve.test_genotype" name="test_GenotypeContainer_mut_energies" time="0.002" /><testcase classname="tests.evolve.test_genotype" name="test_GenotypeContainer_fitnesses" time="0.003" /><testcase classname="tests.evolve.test_wright_fisher" name="test__write_outputs" time="3.429" /><testcase classname="tests.evolve.test_wright_fisher" name="test_wright_fisher" time="2.893" /><testcase classname="tests.evolve.fitness.test_ff" name="test_ff_on" time="0.000" /><testcase classname="tests.evolve.fitness.test_ff" name="test_ff_off" time="0.000" /><testcase classname="tests.evolve.fitness.test_ff" name="test_ff_neutral" time="0.000" /><testcase classname="tests.evolve.fitness.test_fitness_container" name="test_FitnessContainer" time="0.017" /><testcase classname="tests.evolve.fitness.test_fitness_container" name="test_FitnessContainer_fitness" time="0.001" /><testcase classname="tests.evolve.fitness.test_fitness_container" name="test_FitnessContainer_to_dict" time="0.000" /><testcase classname="tests.evolve.fitness.test_fitness_container" name="test_FitnessContainer_ens" time="0.000" /><testcase classname="tests.evolve.fitness.test_fitness_container" name="test_FitnessContainer_mu_dict" time="0.000" /><testcase classname="tests.evolve.fitness.test_fitness_container" name="test_FitnessContainer_select_on" time="0.000" /><testcase classname="tests.evolve.fitness.test_fitness_container" name="test_FitnessContainer_select_on_folded" time="0.000" /><testcase classname="tests.evolve.fitness.test_fitness_container" name="test_FitnessContainer_fitness_kwargs" time="0.000" /><testcase classname="tests.evolve.fitness.test_fitness_container" name="test_FitnessContainer_T" time="0.001" /><testcase classname="tests.evolve.fitness.test_fitness_function" name="test_fitness_function" time="0.006" /><testcase classname="tests.evolve.fitness.test_map_fitness_fcn_to_string" name="test__construct_ff_dicts" time="0.000" /><testcase classname="tests.evolve.fitness.test_map_fitness_fcn_to_string" name="test_map_fitness_fcn_to_string" time="0.008" /><testcase classname="tests.evolve.simulation.test_load_json" name="test__validate_calc_kwargs" time="0.001" /><testcase classname="tests.evolve.simulation.test_load_json" name="test_load_json" time="5.985" /><testcase classname="tests.evolve.simulation.test_simulate_tree" name="test_simulate_tree" time="0.000" /><testcase classname="tests.evolve.simulation.test_simulation" name="test_SimulationContainer" time="0.103" /><testcase classname="tests.evolve.simulation.test_simulation" name="test_SimulationContainer__prepare_calc" time="0.004" /><testcase classname="tests.evolve.simulation.test_simulation" name="test_SimulationContainer__write_calc_params" time="0.004" /><testcase classname="tests.evolve.simulation.test_simulation" name="test_SimulationContainer__complete_calc" time="0.000" /><testcase classname="tests.evolve.simulation.test_simulation" name="test_SimulationContainer_run" time="0.018" /><testcase classname="tests.io.test_load_ddg" name="test_load_ddg" time="0.005" /><testcase classname="tests.io.test_load_structure" name="test__load_structure_cif" time="0.209" /><testcase classname="tests.io.test_load_structure" name="test__load_structure_pdb" time="0.224" /><testcase classname="tests.io.test_load_structure" name="test_load_structure" time="1.251" /><testcase classname="tests.io.test_read_dataframe" name="test_read_dataframe" time="0.143" /><testcase classname="tests.io.test_write_pdb" name="test_write_pdb" time="0.381" /><testcase classname="tests.structure.test_align_structure_seqs" name="test__run_muscle" time="0.000" /><testcase classname="tests.structure.test_align_structure_seqs" name="test_align_structure_seqs" time="5.592" /><testcase classname="tests.structure.test_align_structures" name="test_align_structures" time="0.000" /><testcase classname="tests.structure.test_clean_structure" name="test_clean_structure" time="0.000" /><testcase classname="tests.structure.test_sync_structures" name="test__create_unique_filenames" time="0.000" /><testcase classname="tests.structure.test_sync_structures" name="test_sync_structures" time="4.669" /></testsuite></testsuites>